[debug] [2023-04-10T00:26:03.122Z] ----------------------------------------------------------------------
[debug] [2023-04-10T00:26:03.124Z] Command:       /usr/local/bin/firebase /home/darven/.cache/firebase/tools/lib/node_modules/firebase-tools/lib/bin/firebase serve
[debug] [2023-04-10T00:26:03.124Z] CLI Version:   11.25.3
[debug] [2023-04-10T00:26:03.124Z] Platform:      linux
[debug] [2023-04-10T00:26:03.124Z] Node Version:  v16.16.0
[debug] [2023-04-10T00:26:03.124Z] Time:          Sun Apr 09 2023 19:26:03 GMT-0500 (Central Daylight Time)
[debug] [2023-04-10T00:26:03.124Z] ----------------------------------------------------------------------
[debug] 
[debug] [2023-04-10T00:26:03.179Z] > command requires scopes: ["email","openid","https://www.googleapis.com/auth/cloudplatformprojects.readonly","https://www.googleapis.com/auth/firebase","https://www.googleapis.com/auth/cloud-platform"]
[debug] [2023-04-10T00:26:03.179Z] > authorizing via signed-in user (darven@eightfoldcapitalgroup.com)
[debug] [2023-04-10T00:26:03.179Z] [iam] checking project tarot-nfts-website for permissions ["firebase.projects.get"]
[debug] [2023-04-10T00:26:03.180Z] > refreshing access token with scopes: []
[debug] [2023-04-10T00:26:03.181Z] >>> [apiv2][query] POST https://www.googleapis.com/oauth2/v3/token [none]
[debug] [2023-04-10T00:26:03.181Z] >>> [apiv2][body] POST https://www.googleapis.com/oauth2/v3/token [omitted]
[debug] [2023-04-10T00:26:03.887Z] <<< [apiv2][status] POST https://www.googleapis.com/oauth2/v3/token 200
[debug] [2023-04-10T00:26:03.887Z] <<< [apiv2][body] POST https://www.googleapis.com/oauth2/v3/token [omitted]
[debug] [2023-04-10T00:26:03.906Z] >>> [apiv2][query] POST https://cloudresourcemanager.googleapis.com/v1/projects/tarot-nfts-website:testIamPermissions [none]
[debug] [2023-04-10T00:26:03.907Z] >>> [apiv2][(partial)header] POST https://cloudresourcemanager.googleapis.com/v1/projects/tarot-nfts-website:testIamPermissions x-goog-quota-user=projects/tarot-nfts-website
[debug] [2023-04-10T00:26:03.907Z] >>> [apiv2][body] POST https://cloudresourcemanager.googleapis.com/v1/projects/tarot-nfts-website:testIamPermissions {"permissions":["firebase.projects.get"]}
[debug] [2023-04-10T00:26:04.204Z] <<< [apiv2][status] POST https://cloudresourcemanager.googleapis.com/v1/projects/tarot-nfts-website:testIamPermissions 200
[debug] [2023-04-10T00:26:04.204Z] <<< [apiv2][body] POST https://cloudresourcemanager.googleapis.com/v1/projects/tarot-nfts-website:testIamPermissions {"permissions":["firebase.projects.get"]}
[debug] [2023-04-10T00:26:04.205Z] >>> [apiv2][query] GET https://firebase.googleapis.com/v1beta1/projects/tarot-nfts-website [none]
[debug] [2023-04-10T00:26:04.515Z] <<< [apiv2][status] GET https://firebase.googleapis.com/v1beta1/projects/tarot-nfts-website 200
[debug] [2023-04-10T00:26:04.515Z] <<< [apiv2][body] GET https://firebase.googleapis.com/v1beta1/projects/tarot-nfts-website {"projectId":"tarot-nfts-website","projectNumber":"633965604556","displayName":"tarot-nfts-website","name":"projects/tarot-nfts-website","resources":{"hostingSite":"tarot-nfts-website"},"state":"ACTIVE","etag":"1_b57062df-da8e-41f1-b977-3f3976975c67"}
[info] 
[info] === Serving from '/home/darven/workspace/website'...
[info] 
[debug] [2023-04-10T00:26:04.520Z] >>> [apiv2][query] GET https://firebasehosting.googleapis.com/v1beta1/projects/tarot-nfts-website/sites 
[debug] [2023-04-10T00:26:04.925Z] <<< [apiv2][status] GET https://firebasehosting.googleapis.com/v1beta1/projects/tarot-nfts-website/sites 200
[debug] [2023-04-10T00:26:04.926Z] <<< [apiv2][body] GET https://firebasehosting.googleapis.com/v1beta1/projects/tarot-nfts-website/sites {"sites":[{"name":"projects/tarot-nfts-website/sites/tarot-nfts-website","defaultUrl":"https://tarot-nfts-website.web.app","type":"DEFAULT_SITE"}]}
[debug] [2023-04-10T00:26:04.926Z] >>> [apiv2][query] GET https://firebase.googleapis.com/v1beta1/projects/tarot-nfts-website/webApps/-/config [none]
[debug] [2023-04-10T00:26:05.246Z] <<< [apiv2][status] GET https://firebase.googleapis.com/v1beta1/projects/tarot-nfts-website/webApps/-/config 200
[debug] [2023-04-10T00:26:05.247Z] <<< [apiv2][body] GET https://firebase.googleapis.com/v1beta1/projects/tarot-nfts-website/webApps/-/config {"projectId":"tarot-nfts-website","storageBucket":"tarot-nfts-website.appspot.com","apiKey":"AIzaSyDJuEpuMkks6u3yW_ybyATElj0q3VhrIcw","authDomain":"tarot-nfts-website.firebaseapp.com","messagingSenderId":"633965604556"}
[debug] [2023-04-10T00:26:05.264Z] >>> [apiv2][query] GET https://firebase.googleapis.com/v1beta1/projects/tarot-nfts-website [none]
[debug] [2023-04-10T00:26:05.520Z] <<< [apiv2][status] GET https://firebase.googleapis.com/v1beta1/projects/tarot-nfts-website 200
[debug] [2023-04-10T00:26:05.520Z] <<< [apiv2][body] GET https://firebase.googleapis.com/v1beta1/projects/tarot-nfts-website {"projectId":"tarot-nfts-website","projectNumber":"633965604556","displayName":"tarot-nfts-website","name":"projects/tarot-nfts-website","resources":{"hostingSite":"tarot-nfts-website"},"state":"ACTIVE","etag":"1_b57062df-da8e-41f1-b977-3f3976975c67"}
[debug] [2023-04-10T00:26:05.521Z] Specified "public" directory "_site" does not exist; Deploy to Hosting site "tarot-nfts-website" may fail or be empty.
[info] i  hosting[tarot-nfts-website]: Serving hosting files from: _site {"metadata":{"emulator":{"name":"hosting"},"message":"Serving hosting files from: \u001b[1m_site\u001b[22m"}}
[info] ✔  hosting[tarot-nfts-website]: Local server: http://localhost:5000 {"metadata":{"emulator":{"name":"hosting"},"message":"Local server: \u001b[4m\u001b[1mhttp://localhost:5000\u001b[22m\u001b[24m"}}
[info] i  hosting: 127.0.0.1 - - [10/Apr/2023:00:26:12 +0000] "GET /__/firebase/init.js?useEmulator=true HTTP/1.1" 200 - "http://localhost:5000/" "Mozilla/5.0 (Windows NT 10.0; Win64; x64) AppleWebKit/537.36 (KHTML, like Gecko) Chrome/112.0.0.0 Safari/537.36" {"metadata":{"emulator":{"name":"hosting"},"message":"127.0.0.1 - - [10/Apr/2023:00:26:12 +0000] \"GET /__/firebase/init.js?useEmulator=true HTTP/1.1\" 200 - \"http://localhost:5000/\" \"Mozilla/5.0 (Windows NT 10.0; Win64; x64) AppleWebKit/537.36 (KHTML, like Gecko) Chrome/112.0.0.0 Safari/537.36\""}}
